<!DOCTYPE html PUBLIC "-//W3C//DTD XHTML 1.1//EN" "https://www.w3.org/TR/xhtml11/DTD/xhtml11.dtd">
<html xmlns="https://www.w3.org/1999/xhtml">
<head>
<meta http-equiv="content-type" content="text/html; charset=UTF-8"/>
<title>TestNG Report</title>
<style type="text/css">table {margin-bottom:10px;border-collapse:collapse;empty-cells:show}th,td {border:1px solid #009;padding:.25em .5em}th {vertical-align:bottom}td {vertical-align:top}table a {font-weight:bold}.stripe td {background-color: #E6EBF9}.num {text-align:right}.passedodd td {background-color: #3F3}.passedeven td {background-color: #0A0}.skippedodd td {background-color: #DDD}.skippedeven td {background-color: #CCC}.failedodd td,.attn {background-color: #F33}.failedeven td,.stripe .attn {background-color: #D00}.stacktrace {white-space:pre;font-family:monospace}.totop {font-size:85%;text-align:center;border-bottom:2px solid #000}.invisible {display:none}</style>
</head>
<body>
<table>
<tr><th>Test</th><th># Passed</th><th># Skipped</th><th># Retried</th><th># Failed</th><th>Time (ms)</th><th>Included Groups</th><th>Excluded Groups</th></tr>
<tr><th colspan="8">LambaTestNGTestSuite</th></tr>
<tr><td><a href="#t0">ChromeTest</a></td><td class="num">2</td><td class="num">0</td><td class="num">0</td><td class="num attn">1</td><td class="num">34,150</td><td></td><td></td></tr>
<tr class="stripe"><td><a href="#t1">MicrosoftEdgeTest</a></td><td class="num">3</td><td class="num">0</td><td class="num">0</td><td class="num">0</td><td class="num">59,314</td><td></td><td></td></tr>
<tr><td><a href="#t2">FirefoxTest</a></td><td class="num">3</td><td class="num">0</td><td class="num">0</td><td class="num">0</td><td class="num">58,722</td><td></td><td></td></tr>
<tr class="stripe"><td><a href="#t3">InternetExplorerTest</a></td><td class="num">3</td><td class="num">0</td><td class="num">0</td><td class="num">0</td><td class="num">31,436</td><td></td><td></td></tr>
<tr><th>Total</th><th class="num">11</th><th class="num">0</th><th class="num">0</th><th class="num attn">1</th><th class="num">183,622</th><th colspan="2"></th></tr>
</table>
<table id='summary'><thead><tr><th>Class</th><th>Method</th><th>Start</th><th>Time (ms)</th></tr></thead><tbody><tr><th colspan="4">LambaTestNGTestSuite</th></tr></tbody><tbody id="t0"><tr><th colspan="4">ChromeTest &#8212; failed (configuration methods)</th></tr><tr class="failedeven"><td rowspan="1">testCases.CheckboxClick</td><td><a href="#m0">tearDown</a></td><td rowspan="1">1650739223397</td><td rowspan="1">270</td></tr><tr><th colspan="4">ChromeTest &#8212; failed</th></tr><tr class="failedeven"><td rowspan="1">testCases.CheckboxClick</td><td><a href="#m1">checkboxValidation</a></td><td rowspan="1">1650739221148</td><td rowspan="1">2241</td></tr><tr><th colspan="4">ChromeTest &#8212; passed</th></tr><tr class="passedeven"><td rowspan="1">testCases.JavascriptAlertValidation</td><td><a href="#m2">jsAlertValidation</a></td><td rowspan="1">1650739241413</td><td rowspan="1">4214</td></tr><tr class="passedodd"><td rowspan="1">testCases.PageTitleValidation</td><td><a href="#m3">pageTitleValidation</a></td><td rowspan="1">1650739220454</td><td rowspan="1">2566</td></tr></tbody>
<tbody id="t1"><tr><th colspan="4">MicrosoftEdgeTest &#8212; passed</th></tr><tr class="passedeven"><td rowspan="1">testCases.CheckboxClick</td><td><a href="#m4">checkboxValidation</a></td><td rowspan="1">1650739264249</td><td rowspan="1">5538</td></tr><tr class="passedodd"><td rowspan="1">testCases.JavascriptAlertValidation</td><td><a href="#m5">jsAlertValidation</a></td><td rowspan="1">1650739283611</td><td rowspan="1">6445</td></tr><tr class="passedeven"><td rowspan="1">testCases.PageTitleValidation</td><td><a href="#m6">pageTitleValidation</a></td><td rowspan="1">1650739301992</td><td rowspan="1">2883</td></tr></tbody>
<tbody id="t2"><tr><th colspan="4">FirefoxTest &#8212; passed</th></tr><tr class="passedeven"><td rowspan="1">testCases.CheckboxClick</td><td><a href="#m7">checkboxValidation</a></td><td rowspan="1">1650739322705</td><td rowspan="1">4442</td></tr><tr class="passedodd"><td rowspan="1">testCases.JavascriptAlertValidation</td><td><a href="#m8">jsAlertValidation</a></td><td rowspan="1">1650739342832</td><td rowspan="1">4145</td></tr><tr class="passedeven"><td rowspan="1">testCases.PageTitleValidation</td><td><a href="#m9">pageTitleValidation</a></td><td rowspan="1">1650739361534</td><td rowspan="1">1832</td></tr></tbody>
<tbody id="t3"><tr><th colspan="4">InternetExplorerTest &#8212; passed</th></tr><tr class="passedeven"><td rowspan="1">testCases.CheckboxClick</td><td><a href="#m10">checkboxValidation</a></td><td rowspan="1">1650739381647</td><td rowspan="1">6023</td></tr><tr class="passedodd"><td rowspan="1">testCases.JavascriptAlertValidation</td><td><a href="#m11">jsAlertValidation</a></td><td rowspan="1">1650739389771</td><td rowspan="1">5404</td></tr><tr class="passedeven"><td rowspan="1">testCases.PageTitleValidation</td><td><a href="#m12">pageTitleValidation</a></td><td rowspan="1">1650739372129</td><td rowspan="1">2513</td></tr></tbody>
</table>
<h2>ChromeTest</h2><h3 id="m0">testCases.CheckboxClick#tearDown</h3><table class="result"><tr><th>Exception</th></tr><tr><td><div class="stacktrace">org.openqa.selenium.WebDriverException: Unable to find the session info for particular sessionId 252dd23217f4a85586b233719daba2fd, maybe session has quit already or timed out.
Build info: version: &apos;4.1.3&apos;, revision: &apos;7b1ebf28ef&apos;
System info: host: &apos;DESKTOP-U9KQ8EL&apos;, ip: &apos;192.168.0.102&apos;, os.name: &apos;Windows 10&apos;, os.arch: &apos;amd64&apos;, os.version: &apos;10.0&apos;, java.version: &apos;16.0.2&apos;
Driver info: org.openqa.selenium.remote.RemoteWebDriver
Command: [252dd23217f4a85586b233719daba2fd, quit {}]
Capabilities {acceptInsecureCerts: false, browserName: chrome, browserVersion: 88.0.4324.104, chrome: {chromedriverVersion: 87.0.4280.20 (c99e81631faa0..., userDataDir: C:\Users\ltuser\AppData\Loc...}, goog:chromeOptions: {debuggerAddress: localhost:59996}, javascriptEnabled: true, networkConnectionEnabled: false, pageLoadStrategy: normal, platform: WINDOWS, platformName: WINDOWS, proxy: Proxy(), setWindowRect: true, strictFileInteractability: false, timeouts: {implicit: 0, pageLoad: 300000, script: 30000}, unhandledPromptBehavior: dismiss and notify, webauthn:virtualAuthenticators: true, webdriver.remote.sessionid: 252dd23217f4a85586b233719da...}
	at org.openqa.selenium.remote.codec.w3c.W3CHttpResponseCodec.createException(W3CHttpResponseCodec.java:200)
	at org.openqa.selenium.remote.codec.w3c.W3CHttpResponseCodec.decode(W3CHttpResponseCodec.java:133)
	at org.openqa.selenium.remote.codec.w3c.W3CHttpResponseCodec.decode(W3CHttpResponseCodec.java:53)
	at org.openqa.selenium.remote.HttpCommandExecutor.execute(HttpCommandExecutor.java:184)
	at org.openqa.selenium.remote.TracedCommandExecutor.execute(TracedCommandExecutor.java:51)
	at org.openqa.selenium.remote.RemoteWebDriver.execute(RemoteWebDriver.java:567)
	at org.openqa.selenium.remote.RemoteWebDriver.execute(RemoteWebDriver.java:622)
	at org.openqa.selenium.remote.RemoteWebDriver.execute(RemoteWebDriver.java:626)
	at org.openqa.selenium.remote.RemoteWebDriver.quit(RemoteWebDriver.java:463)
	at baseClass.TestBaseClass.tearDown(TestBaseClass.java:48)
	at java.base/java.util.concurrent.ThreadPoolExecutor.runWorker(ThreadPoolExecutor.java:1130)
	at java.base/java.util.concurrent.ThreadPoolExecutor$Worker.run(ThreadPoolExecutor.java:630)
	at java.base/java.lang.Thread.run(Thread.java:831)
... Removed 22 stack frames</div></td></tr></table><p class="totop"><a href="#summary">back to summary</a></p>
<h3 id="m1">testCases.CheckboxClick#checkboxValidation</h3><table class="result"><tr class="param"><th>Parameter #1</th></tr><tr class="param stripe"><td>https://www.lambdatest.com/selenium-playground/</td></tr><tr><th>Exception</th></tr><tr><td><div class="stacktrace">org.openqa.selenium.WebDriverException: Unable to find the session info for particular sessionId 252dd23217f4a85586b233719daba2fd, maybe session has quit already or timed out.
Build info: version: &apos;4.1.3&apos;, revision: &apos;7b1ebf28ef&apos;
System info: host: &apos;DESKTOP-U9KQ8EL&apos;, ip: &apos;192.168.0.102&apos;, os.name: &apos;Windows 10&apos;, os.arch: &apos;amd64&apos;, os.version: &apos;10.0&apos;, java.version: &apos;16.0.2&apos;
Driver info: org.openqa.selenium.remote.RemoteWebDriver
Command: [252dd23217f4a85586b233719daba2fd, clickElement {id=333222e5-2d67-4969-8135-86fa4889181d}]
Capabilities {acceptInsecureCerts: false, browserName: chrome, browserVersion: 88.0.4324.104, chrome: {chromedriverVersion: 87.0.4280.20 (c99e81631faa0..., userDataDir: C:\Users\ltuser\AppData\Loc...}, goog:chromeOptions: {debuggerAddress: localhost:59996}, javascriptEnabled: true, networkConnectionEnabled: false, pageLoadStrategy: normal, platform: WINDOWS, platformName: WINDOWS, proxy: Proxy(), setWindowRect: true, strictFileInteractability: false, timeouts: {implicit: 0, pageLoad: 300000, script: 30000}, unhandledPromptBehavior: dismiss and notify, webauthn:virtualAuthenticators: true, webdriver.remote.sessionid: 252dd23217f4a85586b233719da...}
Element: [[RemoteWebDriver: chrome on WINDOWS (252dd23217f4a85586b233719daba2fd)] -&gt; xpath: //a[text()=&apos;Checkbox Demo&apos;]]
Session ID: 252dd23217f4a85586b233719daba2fd
	at org.openqa.selenium.remote.codec.w3c.W3CHttpResponseCodec.createException(W3CHttpResponseCodec.java:200)
	at org.openqa.selenium.remote.codec.w3c.W3CHttpResponseCodec.decode(W3CHttpResponseCodec.java:133)
	at org.openqa.selenium.remote.codec.w3c.W3CHttpResponseCodec.decode(W3CHttpResponseCodec.java:53)
	at org.openqa.selenium.remote.HttpCommandExecutor.execute(HttpCommandExecutor.java:184)
	at org.openqa.selenium.remote.TracedCommandExecutor.execute(TracedCommandExecutor.java:51)
	at org.openqa.selenium.remote.RemoteWebDriver.execute(RemoteWebDriver.java:567)
	at org.openqa.selenium.remote.RemoteWebElement.execute(RemoteWebElement.java:251)
	at org.openqa.selenium.remote.RemoteWebElement.click(RemoteWebElement.java:77)
	at org.openqa.selenium.support.pagefactory.internal.LocatingElementHandler.invoke(LocatingElementHandler.java:52)
	at jdk.proxy2/jdk.proxy2.$Proxy18.click(Unknown Source)
	at pageObjects.Home_Page.clickCheckboxDemoLink(Home_Page.java:28)
	at testCases.CheckboxClick.checkboxValidation(CheckboxClick.java:27)
	at java.base/java.util.concurrent.ThreadPoolExecutor.runWorker(ThreadPoolExecutor.java:1130)
	at java.base/java.util.concurrent.ThreadPoolExecutor$Worker.run(ThreadPoolExecutor.java:630)
	at java.base/java.lang.Thread.run(Thread.java:831)
... Removed 21 stack frames</div></td></tr></table><p class="totop"><a href="#summary">back to summary</a></p>
<h3 id="m2">testCases.JavascriptAlertValidation#jsAlertValidation</h3><table class="result"><tr class="param"><th>Parameter #1</th></tr><tr class="param stripe"><td>https://www.lambdatest.com/selenium-playground/</td></tr></table><p class="totop"><a href="#summary">back to summary</a></p>
<h3 id="m3">testCases.PageTitleValidation#pageTitleValidation</h3><table class="result"><tr class="param"><th>Parameter #1</th></tr><tr class="param stripe"><td>https://www.lambdatest.com/selenium-playground/</td></tr></table><p class="totop"><a href="#summary">back to summary</a></p>
<h2>MicrosoftEdgeTest</h2><h3 id="m4">testCases.CheckboxClick#checkboxValidation</h3><table class="result"><tr class="param"><th>Parameter #1</th></tr><tr class="param stripe"><td>https://www.lambdatest.com/selenium-playground/</td></tr></table><p class="totop"><a href="#summary">back to summary</a></p>
<h3 id="m5">testCases.JavascriptAlertValidation#jsAlertValidation</h3><table class="result"><tr class="param"><th>Parameter #1</th></tr><tr class="param stripe"><td>https://www.lambdatest.com/selenium-playground/</td></tr></table><p class="totop"><a href="#summary">back to summary</a></p>
<h3 id="m6">testCases.PageTitleValidation#pageTitleValidation</h3><table class="result"><tr class="param"><th>Parameter #1</th></tr><tr class="param stripe"><td>https://www.lambdatest.com/selenium-playground/</td></tr></table><p class="totop"><a href="#summary">back to summary</a></p>
<h2>FirefoxTest</h2><h3 id="m7">testCases.CheckboxClick#checkboxValidation</h3><table class="result"><tr class="param"><th>Parameter #1</th></tr><tr class="param stripe"><td>https://www.lambdatest.com/selenium-playground/</td></tr></table><p class="totop"><a href="#summary">back to summary</a></p>
<h3 id="m8">testCases.JavascriptAlertValidation#jsAlertValidation</h3><table class="result"><tr class="param"><th>Parameter #1</th></tr><tr class="param stripe"><td>https://www.lambdatest.com/selenium-playground/</td></tr></table><p class="totop"><a href="#summary">back to summary</a></p>
<h3 id="m9">testCases.PageTitleValidation#pageTitleValidation</h3><table class="result"><tr class="param"><th>Parameter #1</th></tr><tr class="param stripe"><td>https://www.lambdatest.com/selenium-playground/</td></tr></table><p class="totop"><a href="#summary">back to summary</a></p>
<h2>InternetExplorerTest</h2><h3 id="m10">testCases.CheckboxClick#checkboxValidation</h3><table class="result"><tr class="param"><th>Parameter #1</th></tr><tr class="param stripe"><td>https://www.lambdatest.com/selenium-playground/</td></tr></table><p class="totop"><a href="#summary">back to summary</a></p>
<h3 id="m11">testCases.JavascriptAlertValidation#jsAlertValidation</h3><table class="result"><tr class="param"><th>Parameter #1</th></tr><tr class="param stripe"><td>https://www.lambdatest.com/selenium-playground/</td></tr></table><p class="totop"><a href="#summary">back to summary</a></p>
<h3 id="m12">testCases.PageTitleValidation#pageTitleValidation</h3><table class="result"><tr class="param"><th>Parameter #1</th></tr><tr class="param stripe"><td>https://www.lambdatest.com/selenium-playground/</td></tr></table><p class="totop"><a href="#summary">back to summary</a></p>
</body>
</html>
